embedding_size 300
seq_attn ./saved_model/snli_epoch-225_dev-acc-0.827_seq-atten.pt
gpu_id 1
trained_attn ./saved_model/snli_epoch-225_dev-acc-0.827_inter-atten.pt
log_fname output.log
optimizer Adagrad
weight_decay 1e-05
train_file ../preprocess/decomp-attn/data/multirc-train.hdf5
seq_atten_optimizer ./saved_model/snli_epoch-225_dev-acc-0.827_seq-atten-optimizer.pt
para_init 0.01
epoch 250
max_length 9999
lr 0.05
log_dir ./results/
hidden_size 300
display_interval 1000
test_mode True
test_file ../preprocess/decomp-attn/data/multirc-test.hdf5
resume False
max_grad_norm 5
dev_file ../preprocess/decomp-attn/data/multirc-val.hdf5
inter_atten_optimizer ./saved_model/snli_epoch-225_dev-acc-0.827_inter-atten-optimizer.pt
dev_interval 1
w2v_file ../preprocess/decomp-attn/data/glove.hdf5
model_path ./trained_model/
input_optimizer ./saved_model/snli_epoch-225_dev-acc-0.827_input-optimizer.pt
Adagrad_init 0.0
trained_encoder ./saved_model/snli_epoch-225_dev-acc-0.827_input-encoder.pt
loading data...
test size # sent 7037
loading input embeddings...
embedding_size 300
seq_attn ./saved_model/snli_epoch-225_dev-acc-0.827_seq-atten.pt
gpu_id 1
trained_attn ./saved_model/snli_epoch-225_dev-acc-0.827_inter-atten.pt
log_fname output.log
optimizer Adagrad
weight_decay 1e-05
train_file ../preprocess/decomp-attn/data/multirc-train.hdf5
seq_atten_optimizer ./saved_model/snli_epoch-225_dev-acc-0.827_seq-atten-optimizer.pt
para_init 0.01
epoch 250
max_length 9999
lr 0.05
log_dir ./results/
hidden_size 300
display_interval 1000
test_mode True
test_file ../preprocess/decomp-attn/data/multirc-test.hdf5
resume False
ignore_ques True
max_grad_norm 5
dev_file ../preprocess/decomp-attn/data/multirc-val.hdf5
inter_atten_optimizer ./saved_model/snli_epoch-225_dev-acc-0.827_inter-atten-optimizer.pt
dev_interval 1
w2v_file ../preprocess/decomp-attn/data/glove.hdf5
model_path ./trained_model/
input_optimizer ./saved_model/snli_epoch-225_dev-acc-0.827_input-optimizer.pt
Adagrad_init 0.0
trained_encoder ./saved_model/snli_epoch-225_dev-acc-0.827_input-encoder.pt
loading data...
test size # sent 7037
loading input embeddings...
embedding_size 300
seq_attn ./saved_model/snli_0_epoch-230_dev-acc-0.824_seq-atten.pt
gpu_id 1
trained_attn ./saved_model/snli_0_epoch-230_dev-acc-0.824_inter-atten.pt
log_fname output.log
optimizer Adagrad
weight_decay 1e-05
train_file ../preprocess/decomp-attn/data/multirc-train.hdf5
seq_atten_optimizer ./saved_model/snli_0_epoch-230_dev-acc-0.824_seq-atten-optimizer.pt
para_init 0.01
epoch 250
max_length 9999
lr 0.05
log_dir ./results/
hidden_size 300
display_interval 1000
test_mode True
test_file ../preprocess/decomp-attn/data/multirc-test.hdf5
resume False
ignore_ques True
max_grad_norm 5
dev_file ../preprocess/decomp-attn/data/multirc-val.hdf5
inter_atten_optimizer ./saved_model/snli_0_epoch-230_dev-acc-0.824_inter-atten-optimizer.pt
dev_interval 1
w2v_file ../preprocess/decomp-attn/data/glove.hdf5
model_path ./trained_model/
input_optimizer ./saved_model/snli_0_epoch-230_dev-acc-0.824_input-optimizer.pt
Adagrad_init 0.0
trained_encoder ./saved_model/snli_0_epoch-230_dev-acc-0.824_input-encoder.pt
loading data...
test size # sent 7037
loading input embeddings...
embedding_size 300
seq_attn ./saved_model/snli_epoch-225_dev-acc-0.827_seq-atten.pt
gpu_id 1
trained_attn ./saved_model/snli_epoch-225_dev-acc-0.827_inter-atten.pt
log_fname output.log
optimizer Adagrad
weight_decay 1e-05
train_file ../preprocess/decomp-attn/data/self_training-train.hdf5
seq_atten_optimizer ./saved_model/snli_epoch-225_dev-acc-0.827_seq-atten-optimizer.pt
para_init 0.01
epoch 250
max_length 9999
lr 0.05
log_dir ./results/
hidden_size 300
display_interval 1000
test_mode False
test_file ../preprocess/decomp-attn/data/self_training-test.hdf5
resume True
ignore_ques True
max_grad_norm 5
dev_file ../preprocess/decomp-attn/data/self_training-val.hdf5
inter_atten_optimizer ./saved_model/snli_epoch-225_dev-acc-0.827_inter-atten-optimizer.pt
dev_interval 1
w2v_file ../preprocess/decomp-attn/data/glove.hdf5
model_path ./trained_model/
input_optimizer ./saved_model/snli_epoch-225_dev-acc-0.827_input-optimizer.pt
Adagrad_init 0.0
trained_encoder ./saved_model/snli_epoch-225_dev-acc-0.827_input-encoder.pt
loading data...
train size # sent 53233
dev size # sent 2637
test size # sent 47000
loading input embeddings...
