embedding_size 300
seq_attn /homes/rpujari/scratch/parikh_nli/code/saved_model/snli_0_epoch-230_dev-acc-0.824_seq-atten.pt
gpu_id 1
trained_attn /homes/rpujari/scratch/parikh_nli/code/saved_model/snli_0_epoch-230_dev-acc-0.824_inter-atten.pt
log_fname semeval.log
optimizer Adagrad
weight_decay 1e-05
train_file /homes/rpujari/scratch/parikh_nli/preprocess/decomp-attn/data/multirc-train.hdf5
seq_atten_optimizer /homes/rpujari/scratch/parikh_nli/code/saved_model/snli_0_epoch-230_dev-acc-0.824_seq-atten-optimizer.pt
para_init 0.01
epoch 250
max_length 9999
lr 0.05
log_dir /homes/rpujari/scratch/parikh_nli/code/snli_multirc_results/
hidden_size 300
display_interval 1000
test_mode True
test_file /homes/rpujari/scratch/parikh_nli/preprocess/decomp-attn/data/multirc-test.hdf5
resume False
max_grad_norm 5
dev_file /homes/rpujari/scratch/parikh_nli/preprocess/decomp-attn/data/multirc-val.hdf5
inter_atten_optimizer /homes/rpujari/scratch/parikh_nli/code/saved_model/snli_0_epoch-230_dev-acc-0.824_inter-atten-optimizer.pt
dev_interval 1
w2v_file /homes/rpujari/scratch/parikh_nli/preprocess/decomp-attn/data/glove.hdf5
model_path /homes/rpujari/scratch/parikh_nli/code/trained_model/
input_optimizer /homes/rpujari/scratch/parikh_nli/code/saved_model/snli_0_epoch-230_dev-acc-0.824_input-optimizer.pt
Adagrad_init 0.0
trained_encoder /homes/rpujari/scratch/parikh_nli/code/saved_model/snli_0_epoch-230_dev-acc-0.824_input-encoder.pt
loading data...
embedding_size 300
seq_attn /homes/rpujari/scratch/parikh_nli/code/saved_model/snli_0_epoch-230_dev-acc-0.824_seq-atten.pt
gpu_id 1
trained_attn /homes/rpujari/scratch/parikh_nli/code/saved_model/snli_0_epoch-230_dev-acc-0.824_inter-atten.pt
log_fname semeval.log
optimizer Adagrad
weight_decay 1e-05
train_file /homes/rpujari/scratch/parikh_nli/preprocess/decomp-attn/data/multirc-train.hdf5
seq_atten_optimizer /homes/rpujari/scratch/parikh_nli/code/saved_model/snli_0_epoch-230_dev-acc-0.824_seq-atten-optimizer.pt
para_init 0.01
epoch 250
max_length 9999
lr 0.05
log_dir /homes/rpujari/scratch/parikh_nli/code/snli_multirc_results/
hidden_size 300
display_interval 1000
test_mode True
test_file /homes/rpujari/scratch/parikh_nli/preprocess/decomp-attn/data/multirc-val.hdf5
resume False
max_grad_norm 5
dev_file /homes/rpujari/scratch/parikh_nli/preprocess/decomp-attn/data/multirc-val.hdf5
inter_atten_optimizer /homes/rpujari/scratch/parikh_nli/code/saved_model/snli_0_epoch-230_dev-acc-0.824_inter-atten-optimizer.pt
dev_interval 1
w2v_file /homes/rpujari/scratch/parikh_nli/preprocess/decomp-attn/data/glove.hdf5
model_path /homes/rpujari/scratch/parikh_nli/code/trained_model/
input_optimizer /homes/rpujari/scratch/parikh_nli/code/saved_model/snli_0_epoch-230_dev-acc-0.824_input-optimizer.pt
Adagrad_init 0.0
trained_encoder /homes/rpujari/scratch/parikh_nli/code/saved_model/snli_0_epoch-230_dev-acc-0.824_input-encoder.pt
loading data...
embedding_size 300
seq_attn /homes/rpujari/scratch/parikh_nli/code/saved_model/snli_0_epoch-230_dev-acc-0.824_seq-atten.pt
gpu_id 1
trained_attn /homes/rpujari/scratch/parikh_nli/code/saved_model/snli_0_epoch-230_dev-acc-0.824_inter-atten.pt
log_fname semeval.log
optimizer Adagrad
weight_decay 1e-05
train_file /homes/rpujari/scratch/parikh_nli/preprocess/decomp-attn/data/multirc-train.hdf5
seq_atten_optimizer /homes/rpujari/scratch/parikh_nli/code/saved_model/snli_0_epoch-230_dev-acc-0.824_seq-atten-optimizer.pt
para_init 0.01
epoch 250
max_length 9999
lr 0.05
log_dir /homes/rpujari/scratch/parikh_nli/code/snli_multirc_results/
hidden_size 300
display_interval 1000
test_mode True
test_file /homes/rpujari/scratch/parikh_nli/preprocess/decomp-attn/data/multirc-val.hdf5
resume False
max_grad_norm 5
dev_file /homes/rpujari/scratch/parikh_nli/preprocess/decomp-attn/data/multirc-val.hdf5
inter_atten_optimizer /homes/rpujari/scratch/parikh_nli/code/saved_model/snli_0_epoch-230_dev-acc-0.824_inter-atten-optimizer.pt
dev_interval 1
w2v_file /homes/rpujari/scratch/parikh_nli/preprocess/decomp-attn/data/glove.hdf5
model_path /homes/rpujari/scratch/parikh_nli/code/trained_model/
input_optimizer /homes/rpujari/scratch/parikh_nli/code/saved_model/snli_0_epoch-230_dev-acc-0.824_input-optimizer.pt
Adagrad_init 0.0
trained_encoder /homes/rpujari/scratch/parikh_nli/code/saved_model/snli_0_epoch-230_dev-acc-0.824_input-encoder.pt
loading data...
test size # sent 23285
loading input embeddings...
embedding_size 300
seq_attn /homes/rpujari/scratch/parikh_nli/code/saved_model/snli_0_epoch-230_dev-acc-0.824_seq-atten.pt
gpu_id 1
trained_attn /homes/rpujari/scratch/parikh_nli/code/saved_model/snli_0_epoch-230_dev-acc-0.824_inter-atten.pt
log_fname semeval.log
optimizer Adagrad
weight_decay 1e-05
train_file /homes/rpujari/scratch/parikh_nli/preprocess/decomp-attn/data/multirc-train.hdf5
seq_atten_optimizer /homes/rpujari/scratch/parikh_nli/code/saved_model/snli_0_epoch-230_dev-acc-0.824_seq-atten-optimizer.pt
para_init 0.01
epoch 250
max_length 9999
lr 0.05
log_dir /homes/rpujari/scratch/parikh_nli/code/snli_multirc_results/
hidden_size 300
display_interval 1000
test_mode True
test_file /homes/rpujari/scratch/parikh_nli/preprocess/decomp-attn/data/multirc-val.hdf5
resume False
max_grad_norm 5
dev_file /homes/rpujari/scratch/parikh_nli/preprocess/decomp-attn/data/multirc-val.hdf5
inter_atten_optimizer /homes/rpujari/scratch/parikh_nli/code/saved_model/snli_0_epoch-230_dev-acc-0.824_inter-atten-optimizer.pt
dev_interval 1
w2v_file /homes/rpujari/scratch/parikh_nli/preprocess/decomp-attn/data/glove.hdf5
model_path /homes/rpujari/scratch/parikh_nli/code/trained_model/
input_optimizer /homes/rpujari/scratch/parikh_nli/code/saved_model/snli_0_epoch-230_dev-acc-0.824_input-optimizer.pt
Adagrad_init 0.0
trained_encoder /homes/rpujari/scratch/parikh_nli/code/saved_model/snli_0_epoch-230_dev-acc-0.824_input-encoder.pt
loading data...
